<?xml version="1.0" encoding="UTF-8"?>
<!-- Generated by org.testng.reporters.JUnitReportReporter -->
<testsuite hostname="MMLDVSWATIKA" failures="0" tests="1" name="TestScenarios.test_Links" time="5.148" errors="0" timestamp="2023-05-16T13:40:28 IST" skipped="0">
  <testcase classname="TestScenarios.test_Links" name="newTab" time="5.148"/>
  <system-out/>
</testsuite> <!-- TestScenarios.test_Links -->
