<?xml version="1.0" encoding="UTF-8"?>
<!-- Generated by org.testng.reporters.JUnitReportReporter -->
<testsuite hostname="MMLDVSWATIKA" failures="0" tests="1" name="TestScenarios.TestMethods" time="2.013" errors="0" timestamp="2023-04-23T16:16:52 IST" skipped="0">
  <testcase classname="TestScenarios.TestMethods" name="test_keywords" time="2.013"/>
  <system-out/>
</testsuite> <!-- TestScenarios.TestMethods -->
