<?xml version="1.0" encoding="UTF-8"?>
<!-- Generated by org.testng.reporters.JUnitReportReporter -->
<testsuite hostname="MMLDVSWATIKA" failures="0" tests="1" name="TestScenarios.test_button" time="0.265" errors="0" timestamp="2023-05-14T21:33:23 IST" skipped="0">
  <testcase classname="TestScenarios.test_button" name="test_rightClick" time="0.265"/>
  <system-out/>
</testsuite> <!-- TestScenarios.test_button -->
