<?xml version="1.0" encoding="UTF-8"?>
<!-- Generated by org.testng.reporters.JUnitReportReporter -->
<testsuite hostname="MMLDVSWATIKA" failures="0" tests="1" name="TestScenarios.TestMethods2" time="3.631" errors="0" timestamp="2023-04-24T12:22:04 IST" skipped="0">
  <testcase classname="TestScenarios.TestMethods2" name="test_keywords" time="3.631"/>
  <system-out/>
</testsuite> <!-- TestScenarios.TestMethods2 -->
