<?xml version="1.0" encoding="UTF-8"?>
<!-- Generated by org.testng.reporters.JUnitReportReporter -->
<testsuite hostname="MMLDVSWATIKA" failures="0" tests="1" name="Objects.switchingFrame" time="5.215" errors="0" timestamp="2023-05-31T15:00:27 IST" skipped="0">
  <testcase classname="Objects.switchingFrame" name="multipleFrame" time="5.215"/>
  <system-out/>
</testsuite> <!-- Objects.switchingFrame -->
